2015/01/08 10:00:58	NonCodeNet.clsMain.Main-----開始-----
2015/01/08 10:01:04	NonCodeNet.clsMain.Main-----開始-----
2015/01/08 10:01:05	NonCodeNet.frmMain.frmMain_Load-----開始-----
2015/01/08 10:01:06	NonCodeNet.frmMain.frmMain_Load-----開始-----
2015/01/08 10:01:07	NonCodeNet.frmFirst.frmFirst_Load-----開始-----
2015/01/08 10:01:08	NonCodeNet.frmFirst.frmFirst_Load-----開始-----
2015/01/08 10:01:09	NonCodeNet.frmFirst.frmFirst_FormClosed-----終了-----
2015/01/08 10:01:11	NonCodeNet.frmFirst.frmFirst_FormClosed-----終了-----
2015/01/08 10:01:21	NonCodeNet.frmMain.frmMain_FormClosed-----終了-----
2015/01/08 10:01:21	NonCodeNet.clsMain.Main-----終了-----
2015/01/08 10:04:32	NonCodeNet.frmMain.frmMain_FormClosed-----終了-----
2015/01/08 10:04:32	NonCodeNet.clsMain.Main-----終了-----
2015/01/08 10:07:53	NonCodeNet.clsMain.Main-----開始-----
2015/01/08 10:07:56	NonCodeNet.frmMain.frmMain_Load-----開始-----
2015/01/08 10:07:57	NonCodeNet.frmFirst.frmFirst_Load-----開始-----
2015/01/08 10:07:59	NonCodeNet.frmFirst.frmFirst_FormClosed-----終了-----
2015/01/08 10:09:51	NonCodeNet.frmMain.frmMain_FormClosed-----終了-----
2015/01/08 10:09:51	NonCodeNet.clsMain.Main-----終了-----
2015/01/08 10:21:45	NonCodeNet.clsMain.Main-----開始-----
2015/01/08 10:21:46	NonCodeNet.frmMain.frmMain_Load-----開始-----
2015/01/08 10:21:48	NonCodeNet.frmFirst.frmFirst_Load-----開始-----
2015/01/08 10:21:49	NonCodeNet.frmFirst.frmFirst_FormClosed-----終了-----
2015/01/08 10:23:41	NonCodeNet.frmMain.frmMain_FormClosed-----終了-----
2015/01/08 10:23:41	NonCodeNet.clsMain.Main-----終了-----
2015/01/08 10:25:11	NonCodeNet.clsMain.Main-----開始-----
2015/01/08 10:25:12	NonCodeNet.frmMain.frmMain_Load-----開始-----
2015/01/08 10:25:14	NonCodeNet.frmFirst.frmFirst_Load-----開始-----
2015/01/08 10:25:15	NonCodeNet.frmFirst.frmFirst_FormClosed-----終了-----
2015/01/08 10:25:46	NonCodeNet.frmMain.frmMain_FormClosed-----終了-----
2015/01/08 10:25:46	NonCodeNet.clsMain.Main-----終了-----
